<?xml version="1.0" encoding="UTF-8"?>
<!-- Generated by org.testng.reporters.JUnitXMLReporter -->
<testsuite hostname="DESKTOP-V0OJO3P" name="Personal loan" tests="5" failures="0" timestamp="30 Jun 2020 06:04:36 GMT" time="0.081" errors="0">
  <testcase name="Demo" time="0.01" classname="test.day1"/>
  <testcase name="ploan" time="0.002" classname="test.day2"/>
  <testcase name="LoginAPIHomeLoan" time="0.005" classname="test.day4"/>
  <testcase name="MobileLoginHomeLoan" time="0.001" classname="test.day4"/>
  <testcase name="WebloginHomeLoan" time="0.001" classname="test.day4"/>
</testsuite> <!-- Personal loan -->
